build/app/intermediates/manifest_merge_blame_file/release/manifest-merger-blame-release-report.txt
1<?xml version="1.0" encoding="utf-8"?>
2<manifest xmlns:android="http://schemas.android.com/apk/res/android"
3    package="co.basol.flash_chat"
4    android:versionCode="4001"
5    android:versionName="1.0.0" >
6
7    <uses-sdk
8        android:minSdkVersion="23"
8-->src\main\AndroidManifest.xml
9        android:targetSdkVersion="29" />
9-->src\main\AndroidManifest.xml
10    <!-- Although the *SdkVersion is captured in gradle build files, this is required for non gradle builds -->
11    <!-- <uses-sdk android:minSdkVersion="14" /> -->
12    <uses-permission android:name="android.permission.ACCESS_NETWORK_STATE" />
12-->[com.google.firebase:firebase-firestore:21.7.1] AndroidManifest.xml:13:5-79
12-->[com.google.firebase:firebase-firestore:21.7.1] AndroidManifest.xml:13:22-76
13    <uses-permission android:name="android.permission.INTERNET" />
13-->[com.google.firebase:firebase-firestore:21.7.1] AndroidManifest.xml:14:5-67
13-->[com.google.firebase:firebase-firestore:21.7.1] AndroidManifest.xml:14:22-64
14    <uses-permission android:name="android.permission.WAKE_LOCK" />
14-->[com.google.android.gms:play-services-measurement-api:17.6.0] AndroidManifest.xml:24:5-68
14-->[com.google.android.gms:play-services-measurement-api:17.6.0] AndroidManifest.xml:24:22-65
15    <uses-permission android:name="com.google.android.finsky.permission.BIND_GET_INSTALL_REFERRER_SERVICE" />
15-->[com.google.android.gms:play-services-measurement:17.6.0] AndroidManifest.xml:26:5-110
15-->[com.google.android.gms:play-services-measurement:17.6.0] AndroidManifest.xml:26:22-107
16    <!--
17 io.flutter.app.FlutterApplication is an android.app.Application that
18         calls FlutterMain.startInitialization(this); in its onCreate method.
19         In most cases you can leave this as-is, but you if you want to provide
20         additional functionality it is fine to subclass or reimplement
21         FlutterApplication and put your custom class here.
22    -->
23    <application
23-->src\main\AndroidManifest.xml:9:5-32:19
24        android:name="io.flutter.app.FlutterApplication"
24-->src\main\AndroidManifest.xml:10:9-57
25        android:appComponentFactory="androidx.core.app.CoreComponentFactory"
25-->[androidx.core:core:1.1.0] AndroidManifest.xml:24:18-86
26        android:icon="@mipmap/ic_launcher"
26-->src\main\AndroidManifest.xml:12:9-43
27        android:label="flash_chat" >
27-->src\main\AndroidManifest.xml:11:9-35
28        <activity
28-->src\main\AndroidManifest.xml:13:9-31:20
29            android:name="co.appbrewery.flash_chat.MainActivity"
29-->src\main\AndroidManifest.xml:14:13-41
30            android:configChanges="orientation|keyboardHidden|keyboard|screenSize|locale|layoutDirection|fontScale|screenLayout|density|uiMode"
30-->src\main\AndroidManifest.xml:17:13-144
31            android:hardwareAccelerated="true"
31-->src\main\AndroidManifest.xml:18:13-47
32            android:launchMode="singleTop"
32-->src\main\AndroidManifest.xml:15:13-43
33            android:theme="@style/LaunchTheme"
33-->src\main\AndroidManifest.xml:16:13-47
34            android:windowSoftInputMode="adjustResize" >
34-->src\main\AndroidManifest.xml:19:13-55
35
36            <!--
37                 This keeps the window background of the activity showing
38                 until Flutter renders its first frame. It can be removed if
39                 there is no splash screen (such as the default splash screen
40                 defined in @style/LaunchTheme).
41            -->
42            <meta-data
42-->src\main\AndroidManifest.xml:24:13-26:40
43                android:name="io.flutter.app.android.SplashScreenUntilFirstFrame"
43-->src\main\AndroidManifest.xml:25:17-82
44                android:value="true" />
44-->src\main\AndroidManifest.xml:26:17-37
45
46            <intent-filter>
46-->src\main\AndroidManifest.xml:27:13-30:29
47                <action android:name="android.intent.action.MAIN" />
47-->src\main\AndroidManifest.xml:28:17-68
47-->src\main\AndroidManifest.xml:28:25-66
48
49                <category android:name="android.intent.category.LAUNCHER" />
49-->src\main\AndroidManifest.xml:29:17-76
49-->src\main\AndroidManifest.xml:29:27-74
50            </intent-filter>
51        </activity>
52
53        <service
53-->[:firebase_auth] AndroidManifest.xml:8:9-12:19
54            android:name="com.google.firebase.components.ComponentDiscoveryService"
54-->[:firebase_auth] AndroidManifest.xml:8:18-89
55            android:directBootAware="true"
55-->[com.google.firebase:firebase-common:19.3.1] AndroidManifest.xml:35:13-43
56            android:exported="false" >
56-->[com.google.firebase:firebase-auth:19.4.0] AndroidManifest.xml:35:13-37
57            <meta-data
57-->[:firebase_auth] AndroidManifest.xml:9:13-11:85
58                android:name="com.google.firebase.components:io.flutter.plugins.firebase.auth.FlutterFirebaseAuthRegistrar"
58-->[:firebase_auth] AndroidManifest.xml:10:17-124
59                android:value="com.google.firebase.components.ComponentRegistrar" />
59-->[:firebase_auth] AndroidManifest.xml:11:17-82
60            <meta-data
60-->[:cloud_firestore] AndroidManifest.xml:9:13-11:85
61                android:name="com.google.firebase.components:io.flutter.plugins.firebase.firestore.FlutterFirebaseFirestoreRegistrar"
61-->[:cloud_firestore] AndroidManifest.xml:10:17-134
62                android:value="com.google.firebase.components.ComponentRegistrar" />
62-->[:cloud_firestore] AndroidManifest.xml:11:17-82
63            <meta-data
63-->[:firebase_core] AndroidManifest.xml:9:13-11:85
64                android:name="com.google.firebase.components:io.flutter.plugins.firebase.core.FlutterFirebaseCoreRegistrar"
64-->[:firebase_core] AndroidManifest.xml:10:17-124
65                android:value="com.google.firebase.components.ComponentRegistrar" />
65-->[:firebase_core] AndroidManifest.xml:11:17-82
66            <meta-data
66-->[com.google.firebase:firebase-auth:19.4.0] AndroidManifest.xml:36:13-38:85
67                android:name="com.google.firebase.components:com.google.firebase.auth.FirebaseAuthRegistrar"
67-->[com.google.firebase:firebase-auth:19.4.0] AndroidManifest.xml:37:17-109
68                android:value="com.google.firebase.components.ComponentRegistrar" />
68-->[com.google.firebase:firebase-auth:19.4.0] AndroidManifest.xml:38:17-82
69            <meta-data
69-->[com.google.firebase:firebase-firestore:21.7.1] AndroidManifest.xml:20:13-22:85
70                android:name="com.google.firebase.components:com.google.firebase.firestore.FirestoreRegistrar"
70-->[com.google.firebase:firebase-firestore:21.7.1] AndroidManifest.xml:21:17-111
71                android:value="com.google.firebase.components.ComponentRegistrar" />
71-->[com.google.firebase:firebase-firestore:21.7.1] AndroidManifest.xml:22:17-82
72            <meta-data
72-->[com.google.android.gms:play-services-measurement-api:17.6.0] AndroidManifest.xml:30:13-32:85
73                android:name="com.google.firebase.components:com.google.firebase.analytics.connector.internal.AnalyticsConnectorRegistrar"
73-->[com.google.android.gms:play-services-measurement-api:17.6.0] AndroidManifest.xml:31:17-139
74                android:value="com.google.firebase.components.ComponentRegistrar" />
74-->[com.google.android.gms:play-services-measurement-api:17.6.0] AndroidManifest.xml:32:17-82
75            <meta-data
75-->[com.google.firebase:firebase-installations:16.3.2] AndroidManifest.xml:17:13-19:85
76                android:name="com.google.firebase.components:com.google.firebase.installations.FirebaseInstallationsRegistrar"
76-->[com.google.firebase:firebase-installations:16.3.2] AndroidManifest.xml:18:17-127
77                android:value="com.google.firebase.components.ComponentRegistrar" />
77-->[com.google.firebase:firebase-installations:16.3.2] AndroidManifest.xml:19:17-82
78        </service>
79
80        <activity
80-->[com.google.firebase:firebase-auth:19.4.0] AndroidManifest.xml:24:9-31:50
81            android:name="com.google.firebase.auth.internal.FederatedSignInActivity"
81-->[com.google.firebase:firebase-auth:19.4.0] AndroidManifest.xml:25:13-85
82            android:excludeFromRecents="true"
82-->[com.google.firebase:firebase-auth:19.4.0] AndroidManifest.xml:26:13-46
83            android:exported="true"
83-->[com.google.firebase:firebase-auth:19.4.0] AndroidManifest.xml:27:13-36
84            android:launchMode="singleTask"
84-->[com.google.firebase:firebase-auth:19.4.0] AndroidManifest.xml:28:13-44
85            android:permission="com.google.firebase.auth.api.gms.permission.LAUNCH_FEDERATED_SIGN_IN"
85-->[com.google.firebase:firebase-auth:19.4.0] AndroidManifest.xml:29:13-102
86            android:theme="@android:style/Theme.Translucent.NoTitleBar" />
86-->[com.google.firebase:firebase-auth:19.4.0] AndroidManifest.xml:30:13-72
87        <activity
87-->[com.google.android.gms:play-services-base:17.1.0] AndroidManifest.xml:23:9-26:75
88            android:name="com.google.android.gms.common.api.GoogleApiActivity"
88-->[com.google.android.gms:play-services-base:17.1.0] AndroidManifest.xml:24:13-79
89            android:exported="false"
89-->[com.google.android.gms:play-services-base:17.1.0] AndroidManifest.xml:25:13-37
90            android:theme="@android:style/Theme.Translucent.NoTitleBar" />
90-->[com.google.android.gms:play-services-base:17.1.0] AndroidManifest.xml:26:13-72
91
92        <provider
92-->[com.google.firebase:firebase-common:19.3.1] AndroidManifest.xml:26:9-31:39
93            android:name="com.google.firebase.provider.FirebaseInitProvider"
93-->[com.google.firebase:firebase-common:19.3.1] AndroidManifest.xml:27:13-77
94            android:authorities="co.basol.flash_chat.firebaseinitprovider"
94-->[com.google.firebase:firebase-common:19.3.1] AndroidManifest.xml:28:13-72
95            android:directBootAware="true"
95-->[com.google.firebase:firebase-common:19.3.1] AndroidManifest.xml:29:13-43
96            android:exported="false"
96-->[com.google.firebase:firebase-common:19.3.1] AndroidManifest.xml:30:13-37
97            android:initOrder="100" />
97-->[com.google.firebase:firebase-common:19.3.1] AndroidManifest.xml:31:13-36
98
99        <receiver
99-->[com.google.android.gms:play-services-measurement:17.6.0] AndroidManifest.xml:29:9-33:20
100            android:name="com.google.android.gms.measurement.AppMeasurementReceiver"
100-->[com.google.android.gms:play-services-measurement:17.6.0] AndroidManifest.xml:30:13-85
101            android:enabled="true"
101-->[com.google.android.gms:play-services-measurement:17.6.0] AndroidManifest.xml:31:13-35
102            android:exported="false" >
102-->[com.google.android.gms:play-services-measurement:17.6.0] AndroidManifest.xml:32:13-37
103        </receiver>
104
105        <service
105-->[com.google.android.gms:play-services-measurement:17.6.0] AndroidManifest.xml:35:9-38:40
106            android:name="com.google.android.gms.measurement.AppMeasurementService"
106-->[com.google.android.gms:play-services-measurement:17.6.0] AndroidManifest.xml:36:13-84
107            android:enabled="true"
107-->[com.google.android.gms:play-services-measurement:17.6.0] AndroidManifest.xml:37:13-35
108            android:exported="false" />
108-->[com.google.android.gms:play-services-measurement:17.6.0] AndroidManifest.xml:38:13-37
109        <service
109-->[com.google.android.gms:play-services-measurement:17.6.0] AndroidManifest.xml:39:9-43:72
110            android:name="com.google.android.gms.measurement.AppMeasurementJobService"
110-->[com.google.android.gms:play-services-measurement:17.6.0] AndroidManifest.xml:40:13-87
111            android:enabled="true"
111-->[com.google.android.gms:play-services-measurement:17.6.0] AndroidManifest.xml:41:13-35
112            android:exported="false"
112-->[com.google.android.gms:play-services-measurement:17.6.0] AndroidManifest.xml:42:13-37
113            android:permission="android.permission.BIND_JOB_SERVICE" />
113-->[com.google.android.gms:play-services-measurement:17.6.0] AndroidManifest.xml:43:13-69
114
115        <meta-data
115-->[com.google.android.gms:play-services-basement:17.0.0] AndroidManifest.xml:23:9-25:69
116            android:name="com.google.android.gms.version"
116-->[com.google.android.gms:play-services-basement:17.0.0] AndroidManifest.xml:24:13-58
117            android:value="@integer/google_play_services_version" />
117-->[com.google.android.gms:play-services-basement:17.0.0] AndroidManifest.xml:25:13-66
118    </application>
119
120</manifest>